2026-04-06 15:14:03: 
2026-04-06 15:14:03: > neron-client@0.1.0 start
2026-04-06 15:14:03: > next start
2026-04-06 15:14:03: 
2026-04-06 15:14:04: 
2026-04-06 15:14:04: > neron-client@0.1.0 start
2026-04-06 15:14:04: > next start
2026-04-06 15:14:04: 
2026-04-06 15:14:04: 
2026-04-06 15:14:04: > neron-client@0.1.0 start
2026-04-06 15:14:04: > next start
2026-04-06 15:14:04: 
2026-04-06 15:14:05: 
2026-04-06 15:14:05: > neron-client@0.1.0 start
2026-04-06 15:14:05: > next start
2026-04-06 15:14:05: 
2026-04-06 15:14:06: 
2026-04-06 15:14:06: > neron-client@0.1.0 start
2026-04-06 15:14:06: > next start
2026-04-06 15:14:06: 
2026-04-06 15:14:06: 
2026-04-06 15:14:06: > neron-client@0.1.0 start
2026-04-06 15:14:06: > next start
2026-04-06 15:14:06: 
2026-04-06 15:14:07: 
2026-04-06 15:14:07: > neron-client@0.1.0 start
2026-04-06 15:14:07: > next start
2026-04-06 15:14:07: 
2026-04-06 15:14:07: 
2026-04-06 15:14:07: > neron-client@0.1.0 start
2026-04-06 15:14:07: > next start
2026-04-06 15:14:07: 
2026-04-06 15:14:08: 
2026-04-06 15:14:08: > neron-client@0.1.0 start
2026-04-06 15:14:08: > next start
2026-04-06 15:14:08: 
2026-04-06 15:14:09: 
2026-04-06 15:14:09: > neron-client@0.1.0 start
2026-04-06 15:14:09: > next start
2026-04-06 15:14:09: 
2026-04-06 15:15:56: 
2026-04-06 15:15:56: > neron-client@0.1.0 start
2026-04-06 15:15:56: > next start
2026-04-06 15:15:56: 
2026-04-06 15:15:57: 
2026-04-06 15:15:57: > neron-client@0.1.0 start
2026-04-06 15:15:57: > next start
2026-04-06 15:15:57: 
2026-04-06 15:15:58: 
2026-04-06 15:15:58: > neron-client@0.1.0 start
2026-04-06 15:15:58: > next start
2026-04-06 15:15:58: 
2026-04-06 15:15:58: 
2026-04-06 15:15:58: > neron-client@0.1.0 start
2026-04-06 15:15:58: > next start
2026-04-06 15:15:58: 
2026-04-06 15:15:59: 
2026-04-06 15:15:59: > neron-client@0.1.0 start
2026-04-06 15:15:59: > next start
2026-04-06 15:15:59: 
2026-04-06 15:15:59: 
2026-04-06 15:15:59: > neron-client@0.1.0 start
2026-04-06 15:15:59: > next start
2026-04-06 15:15:59: 
2026-04-06 15:16:00: 
2026-04-06 15:16:00: > neron-client@0.1.0 start
2026-04-06 15:16:00: > next start
2026-04-06 15:16:00: 
2026-04-06 15:16:01: 
2026-04-06 15:16:01: > neron-client@0.1.0 start
2026-04-06 15:16:01: > next start
2026-04-06 15:16:01: 
2026-04-06 15:16:01: 
2026-04-06 15:16:01: > neron-client@0.1.0 start
2026-04-06 15:16:01: > next start
2026-04-06 15:16:01: 
2026-04-06 15:16:02: 
2026-04-06 15:16:02: > neron-client@0.1.0 start
2026-04-06 15:16:02: > next start
2026-04-06 15:16:02: 
2026-04-06 15:16:21: 
2026-04-06 15:16:21: > neron-client@0.1.0 start
2026-04-06 15:16:21: > next start
2026-04-06 15:16:21: 
2026-04-06 15:16:22: 
2026-04-06 15:16:22: > neron-client@0.1.0 start
2026-04-06 15:16:22: > next start
2026-04-06 15:16:22: 
2026-04-06 15:16:22: 
2026-04-06 15:16:22: > neron-client@0.1.0 start
2026-04-06 15:16:22: > next start
2026-04-06 15:16:22: 
2026-04-06 15:16:23: 
2026-04-06 15:16:23: > neron-client@0.1.0 start
2026-04-06 15:16:23: > next start
2026-04-06 15:16:23: 
2026-04-06 15:16:24: 
2026-04-06 15:16:24: > neron-client@0.1.0 start
2026-04-06 15:16:24: > next start
2026-04-06 15:16:24: 
2026-04-06 15:16:24: 
2026-04-06 15:16:24: > neron-client@0.1.0 start
2026-04-06 15:16:24: > next start
2026-04-06 15:16:24: 
2026-04-06 15:16:25: 
2026-04-06 15:16:25: > neron-client@0.1.0 start
2026-04-06 15:16:25: > next start
2026-04-06 15:16:25: 
2026-04-06 15:16:25: 
2026-04-06 15:16:25: > neron-client@0.1.0 start
2026-04-06 15:16:25: > next start
2026-04-06 15:16:25: 
2026-04-06 15:16:26: 
2026-04-06 15:16:26: > neron-client@0.1.0 start
2026-04-06 15:16:26: > next start
2026-04-06 15:16:26: 
2026-04-06 15:16:27: 
2026-04-06 15:16:27: > neron-client@0.1.0 start
2026-04-06 15:16:27: > next start
2026-04-06 15:16:27: 
2026-04-06 15:18:18: 
2026-04-06 15:18:18: > neron-client@0.1.0 start
2026-04-06 15:18:18: > next start
2026-04-06 15:18:18: 
2026-04-06 15:18:19: 
2026-04-06 15:18:19: > neron-client@0.1.0 start
2026-04-06 15:18:19: > next start
2026-04-06 15:18:19: 
2026-04-06 15:18:19: 
2026-04-06 15:18:19: > neron-client@0.1.0 start
2026-04-06 15:18:19: > next start
2026-04-06 15:18:19: 
2026-04-06 15:18:20: 
2026-04-06 15:18:20: > neron-client@0.1.0 start
2026-04-06 15:18:20: > next start
2026-04-06 15:18:20: 
2026-04-06 15:18:20: 
2026-04-06 15:18:20: > neron-client@0.1.0 start
2026-04-06 15:18:20: > next start
2026-04-06 15:18:20: 
2026-04-06 15:18:21: 
2026-04-06 15:18:21: > neron-client@0.1.0 start
2026-04-06 15:18:21: > next start
2026-04-06 15:18:21: 
2026-04-06 15:18:22: 
2026-04-06 15:18:22: > neron-client@0.1.0 start
2026-04-06 15:18:22: > next start
2026-04-06 15:18:22: 
2026-04-06 15:18:22: 
2026-04-06 15:18:22: > neron-client@0.1.0 start
2026-04-06 15:18:22: > next start
2026-04-06 15:18:22: 
2026-04-06 15:18:23: 
2026-04-06 15:18:23: > neron-client@0.1.0 start
2026-04-06 15:18:23: > next start
2026-04-06 15:18:23: 
2026-04-06 15:18:23: 
2026-04-06 15:18:23: > neron-client@0.1.0 start
2026-04-06 15:18:23: > next start
2026-04-06 15:18:23: 
2026-04-06 15:20:10: 
2026-04-06 15:20:10: > neron-client@0.1.0 start
2026-04-06 15:20:10: > next start
2026-04-06 15:20:10: 
2026-04-06 15:20:10:    ▲ Next.js 15.5.14
2026-04-06 15:20:10:    - Local:        http://localhost:3000
2026-04-06 15:20:10:    - Network:      http://192.168.1.130:3000
2026-04-06 15:20:10: 
2026-04-06 15:20:10:  ✓ Starting...
2026-04-06 15:20:11:  ✓ Ready in 815ms
2026-04-06 15:20:36: 
2026-04-06 15:20:36: > neron-client@0.1.0 start
2026-04-06 15:20:36: > next start
2026-04-06 15:20:36: 
2026-04-06 15:20:36:    ▲ Next.js 15.5.14
2026-04-06 15:20:36:    - Local:        http://localhost:3000
2026-04-06 15:20:36:    - Network:      http://192.168.1.130:3000
2026-04-06 15:20:36: 
2026-04-06 15:20:36:  ✓ Starting...
2026-04-06 15:20:37:  ✓ Ready in 827ms
2026-04-06 15:22:50: 
2026-04-06 15:22:50: > neron-client@0.1.0 start
2026-04-06 15:22:50: > next start
2026-04-06 15:22:50: 
2026-04-06 15:22:50:    ▲ Next.js 15.5.14
2026-04-06 15:22:50:    - Local:        http://localhost:3000
2026-04-06 15:22:50:    - Network:      http://192.168.1.130:3000
2026-04-06 15:22:50: 
2026-04-06 15:22:50:  ✓ Starting...
2026-04-06 15:22:51:  ✓ Ready in 858ms
